<?xml version="1.0" encoding="utf-8"?><testsuites name="pytest tests"><testsuite name="pytest" errors="1" failures="0" skipped="0" tests="1" time="0.115" timestamp="2025-09-02T10:55:22.843585+00:00" hostname="VMI-MI17001-New"><testcase classname="" name="frontend.test_ui_components" time="0.000"><error message="collection failure">ImportError while importing test module '/home/sganesh/crtx/docsmait/tests/frontend/test_ui_components.py'.
Hint: make sure your test modules/packages have valid Python names.
Traceback:
../../../miniconda3/lib/python3.12/importlib/__init__.py:90: in import_module
    return _bootstrap._gcd_import(name[level:], package, level)
           ^^^^^^^^^^^^^^^^^^^^^^^^^^^^^^^^^^^^^^^^^^^^^^^^^^^^
frontend/test_ui_components.py:9: in &lt;module&gt;
    from selenium import webdriver
E   ModuleNotFoundError: No module named 'selenium'</error></testcase></testsuite></testsuites>