<?xml version="1.0" encoding="utf-8"?><testsuites name="pytest tests"><testsuite name="pytest" errors="0" failures="4" skipped="0" tests="16" time="5.054" timestamp="2025-09-02T11:00:45.521532+00:00" hostname="VMI-MI17001-New"><testcase classname="security.test_security_validation.TestInputValidation" name="test_sql_injection_prevention" time="0.261"><failure message="KeyError: 'name'">security/test_security_validation.py:48: in test_sql_injection_prevention
    assert created_project["name"] != payload, "SQL injection payload was not sanitized"
           ^^^^^^^^^^^^^^^^^^^^^^^
E   KeyError: 'name'</failure></testcase><testcase classname="security.test_security_validation.TestInputValidation" name="test_xss_prevention" time="0.274" /><testcase classname="security.test_security_validation.TestInputValidation" name="test_json_injection_prevention" time="0.268" /><testcase classname="security.test_security_validation.TestInputValidation" name="test_file_upload_validation" time="0.265"><failure message="AssertionError: Dangerous file malicious.exe was accepted&#10;assert 405 in [400, 413, 415, 404, 501]&#10; +  where 405 = &lt;Response [405]&gt;.status_code">security/test_security_validation.py:122: in test_file_upload_validation
    assert response.status_code in [400, 413, 415, 404, 501], f"Dangerous file {filename} was accepted"
E   AssertionError: Dangerous file malicious.exe was accepted
E   assert 405 in [400, 413, 415, 404, 501]
E    +  where 405 = &lt;Response [405]&gt;.status_code</failure></testcase><testcase classname="security.test_security_validation.TestAuthenticationSecurity" name="test_password_complexity_requirements" time="1.370" /><testcase classname="security.test_security_validation.TestAuthenticationSecurity" name="test_rate_limiting_login_attempts" time="1.133" /><testcase classname="security.test_security_validation.TestAuthenticationSecurity" name="test_token_security" time="0.286"><failure message="AssertionError: Tampered token was accepted: ...&#10;assert 403 == 401&#10; +  where 403 = &lt;Response [403]&gt;.status_code">security/test_security_validation.py:236: in test_token_security
    assert response.status_code == 401, f"Tampered token was accepted: {tampered_token[:20]}..."
E   AssertionError: Tampered token was accepted: ...
E   assert 403 == 401
E    +  where 403 = &lt;Response [403]&gt;.status_code</failure></testcase><testcase classname="security.test_security_validation.TestAccessControlSecurity" name="test_unauthorized_access_prevention" time="0.006"><failure message="AssertionError: Endpoint /auth/me accessible without authentication&#10;assert 200 == 401&#10; +  where 200 = &lt;Response [200]&gt;.status_code">security/test_security_validation.py:257: in test_unauthorized_access_prevention
    assert response.status_code == 401, f"Endpoint {endpoint} accessible without authentication"
E   AssertionError: Endpoint /auth/me accessible without authentication
E   assert 200 == 401
E    +  where 200 = &lt;Response [200]&gt;.status_code</failure></testcase><testcase classname="security.test_security_validation.TestAccessControlSecurity" name="test_privilege_escalation_prevention" time="0.262" /><testcase classname="security.test_security_validation.TestAccessControlSecurity" name="test_horizontal_privilege_escalation" time="0.269" /><testcase classname="security.test_security_validation.TestDataProtectionSecurity" name="test_sensitive_data_exposure" time="0.277" /><testcase classname="security.test_security_validation.TestDataProtectionSecurity" name="test_error_message_information_disclosure" time="0.010" /><testcase classname="security.test_security_validation.TestDataProtectionSecurity" name="test_directory_traversal_prevention" time="0.302" /><testcase classname="security.test_security_validation.TestSecurityHeaders" name="test_security_headers_present" time="0.001" /><testcase classname="security.test_security_validation.TestSecurityHeaders" name="test_cors_configuration" time="0.001" /><testcase classname="security.test_security_validation.TestSecurityHeaders" name="test_server_information_disclosure" time="0.001" /></testsuite></testsuites>