<?xml version="1.0" encoding="utf-8"?><testsuites name="pytest tests"><testsuite name="pytest" errors="0" failures="0" skipped="1" tests="11" time="147.445" timestamp="2025-09-02T11:00:51.233020+00:00" hostname="VMI-MI17001-New"><testcase classname="integration.test_end_to_end.TestSystemIntegration" name="test_multi_service_health" time="0.021" /><testcase classname="integration.test_end_to_end.TestSystemIntegration" name="test_data_consistency" time="0.290" /><testcase classname="integration.test_end_to_end.TestSystemIntegration" name="test_concurrent_user_operations" time="0.969" /><testcase classname="performance.test_load_testing.TestAPIPerformance" name="test_settings_endpoint_performance" time="1.078" /><testcase classname="performance.test_load_testing.TestAPIPerformance" name="test_authentication_performance" time="2.449" /><testcase classname="performance.test_load_testing.TestAPIPerformance" name="test_concurrent_requests_performance" time="0.076" /><testcase classname="performance.test_load_testing.TestDatabasePerformance" name="test_database_connection_pool_performance" time="0.137"><skipped type="pytest.skip" message="No successful database queries">/home/sganesh/crtx/docsmait/tests/performance/test_load_testing.py:217: No successful database queries</skipped></testcase><testcase classname="performance.test_load_testing.TestMemoryAndResourceUsage" name="test_memory_usage_during_requests" time="2.163" /><testcase classname="performance.test_load_testing.TestMemoryAndResourceUsage" name="test_response_size_optimization" time="0.009" /><testcase classname="performance.test_load_testing.TestScalabilityLimits" name="test_maximum_concurrent_users" time="10.068" /><testcase classname="performance.test_load_testing.TestScalabilityLimits" name="test_sustained_load_performance" time="130.139" /></testsuite></testsuites>